\BOOKMARK [0][-]{chapter*.2}{Popis slika}{}% 1
\BOOKMARK [0][-]{chapter*.3}{Popis tablica}{}% 2
\BOOKMARK [0][-]{chapter.1}{Uvod}{}% 3
\BOOKMARK [0][-]{chapter.2}{Polazi\235no-odredi\235na matrica}{}% 4
\BOOKMARK [1][-]{section.2.1}{Tradicionalni pristupi generiranju POM-a}{chapter.2}% 5
\BOOKMARK [2][-]{subsection.2.1.1}{Ankete}{section.2.1}% 6
\BOOKMARK [2][-]{subsection.2.1.2}{Prebrojavanje vozila}{section.2.1}% 7
\BOOKMARK [2][-]{subsection.2.1.3}{Modeliranje prometa}{section.2.1}% 8
\BOOKMARK [2][-]{subsection.2.1.4}{Problematika i ogranicenja tradicionalnih nacina}{section.2.1}% 9
\BOOKMARK [2][-]{subsection.2.1.5}{Pokretna osjetila}{section.2.1}% 10
\BOOKMARK [1][-]{section.2.2}{Matrice iz zapisa o aktivnostima u javnoj pokretnoj mre\236i}{chapter.2}% 11
\BOOKMARK [2][-]{subsection.2.2.1}{Razlike u pristupima}{section.2.2}% 12
\BOOKMARK [2][-]{subsection.2.2.2}{Tocnost polo\236aja}{section.2.2}% 13
\BOOKMARK [2][-]{subsection.2.2.3}{Geometrija prostorne podjele}{section.2.2}% 14
\BOOKMARK [2][-]{subsection.2.2.4}{Dobre prakse u generiranju POM iz CDR}{section.2.2}% 15
\BOOKMARK [1][-]{section.2.3}{Drugi primjeri automatskog prikupljanja}{chapter.2}% 16
\BOOKMARK [2][-]{subsection.2.3.1}{Zdru\236ena ocitanja prijamnika za satelitsku navigacij}{section.2.3}% 17
\BOOKMARK [2][-]{subsection.2.3.2}{Javni prijevoz i pametne kartice \(Smart Card sustavi\)}{section.2.3}% 18
\BOOKMARK [0][-]{chapter.3}{Kontekstualizirane matrice}{}% 19
\BOOKMARK [1][-]{section.3.1}{Kontekst iz samog izvora podataka o kretanju}{chapter.3}% 20
\BOOKMARK [1][-]{section.3.2}{Kontekst iz vanjskih izvora}{chapter.3}% 21
\BOOKMARK [2][-]{subsection.3.2.1}{Points of Interes}{section.3.2}% 22
\BOOKMARK [2][-]{subsection.3.2.2}{Open Street Map}{section.3.2}% 23
\BOOKMARK [1][-]{section.3.3}{Sredstvo \(nacin\) kretanja}{chapter.3}% 24
\BOOKMARK [0][-]{chapter.4}{Postojece metrike za validaciju POM-e}{}% 25
\BOOKMARK [1][-]{section.4.1}{Tocnost POM-e}{chapter.4}% 26
\BOOKMARK [1][-]{section.4.2}{Metrike}{chapter.4}% 27
\BOOKMARK [1][-]{section.4.3}{Strukturalna slicnost}{chapter.4}% 28
\BOOKMARK [2][-]{subsection.4.3.1}{MSSI}{section.4.3}% 29
\BOOKMARK [0][-]{chapter.5}{Odnosni parametri kvalitete}{}% 30
\BOOKMARK [1][-]{section.5.1}{Zajednicki, objektivni kriteriji usporedbe}{chapter.5}% 31
\BOOKMARK [1][-]{section.5.2}{Komparacijski indikatori}{chapter.5}% 32
\BOOKMARK [2][-]{subsection.5.2.1}{Vremenski okvir}{section.5.2}% 33
\BOOKMARK [2][-]{subsection.5.2.2}{Razlucivost \(Rezolucija\)}{section.5.2}% 34
\BOOKMARK [2][-]{subsection.5.2.3}{\227irina toka}{section.5.2}% 35
\BOOKMARK [2][-]{subsection.5.2.4}{Geometrija prostorne podjele}{section.5.2}% 36
\BOOKMARK [2][-]{subsection.5.2.5}{Definicija putovanja}{section.5.2}% 37
\BOOKMARK [2][-]{subsection.5.2.6}{}{section.5.2}% 38
\BOOKMARK [2][-]{subsection.5.2.7}{Gustoca informacija - kontekst}{section.5.2}% 39
\BOOKMARK [1][-]{section.5.3}{Meuovisnost parametara}{chapter.5}% 40
\BOOKMARK [0][-]{chapter*.14}{Bibliografija}{}% 41
\BOOKMARK [0][-]{chapter*.16}{Pojmovnik}{}% 42
\BOOKMARK [0][-]{chapter*.16}{Sažetak}{}% 43
\BOOKMARK [0][-]{appendix.A}{Naslov priloga}{}% 44
\BOOKMARK [1][-]{section.A.1}{Naslov sekcije}{appendix.A}% 45
\BOOKMARK [1][-]{section.A.2}{Naslov sekcije}{appendix.A}% 46
